<?xml version="1.0" encoding="UTF-8"?>
<testsuite name="JUnit Jupiter" tests="5" skipped="0" failures="0" errors="0" time="0.128" hostname="nixos" timestamp="2018-01-31T14:44:27">
    <properties>
[...]
</properties>
    <testcase name="walkingResultsFileTree()" classname="com.redhat.mqe.Tests" time="0.038">
        <system-out><![CDATA[
unique-id: [engine:junit-jupiter]/[class:com.redhat.mqe.Tests]/[method:walkingResultsFileTree()]
display-name: walkingResultsFileTree()
]]></system-out>
    </testcase>
    <testcase name="matchingSurefireTestResultFiles()" classname="com.redhat.mqe.Tests" time="0.002">
        <system-out><![CDATA[
unique-id: [engine:junit-jupiter]/[class:com.redhat.mqe.Tests]/[method:matchingSurefireTestResultFiles()]
display-name: matchingSurefireTestResultFiles()
]]></system-out>
    </testcase>
    <testcase name="compressingTestResultsToTarBz2()" classname="com.redhat.mqe.Tests" time="0.027">
        <system-out><![CDATA[
unique-id: [engine:junit-jupiter]/[class:com.redhat.mqe.Tests]/[method:compressingTestResultsToTarBz2()]
display-name: compressingTestResultsToTarBz2()
]]></system-out>
    </testcase>
    <testcase name="compressingTestResultsToZip()" classname="com.redhat.mqe.Tests" time="0.018">
        <system-out><![CDATA[
unique-id: [engine:junit-jupiter]/[class:com.redhat.mqe.Tests]/[method:compressingTestResultsToZip()]
display-name: compressingTestResultsToZip()
]]></system-out>
    </testcase>
    <testcase name="compressFilesToGivenPaths()" classname="com.redhat.mqe.Tests" time="0.018">
        <system-out><![CDATA[
unique-id: [engine:junit-jupiter]/[class:com.redhat.mqe.Tests]/[method:compressFilesToGivenPaths()]
display-name: compressFilesToGivenPaths()
]]></system-out>
    </testcase>
    <system-out><![CDATA[
unique-id: [engine:junit-jupiter]
display-name: JUnit Jupiter
]]></system-out>
</testsuite>
